-------------------------------------------------------------------------------
Test set: com.javatechie.spring.cloud.pcf.ServiceRegistryPcfApplicationTests
-------------------------------------------------------------------------------
Tests run: 1, Failures: 0, Errors: 1, Skipped: 0, Time elapsed: 0.583 s <<< FAILURE! - in com.javatechie.spring.cloud.pcf.ServiceRegistryPcfApplicationTests
initializationError(com.javatechie.spring.cloud.pcf.ServiceRegistryPcfApplicationTests)  Time elapsed: 0.007 s  <<< ERROR!
java.lang.IllegalStateException: Unable to find a @SpringBootConfiguration, you need to use @ContextConfiguration or @SpringBootTest(classes=...) with your test

